<?xml version="1.0" encoding="UTF-8"?>
<testsuite name="problem1.OneTimeDonationTest" tests="13" skipped="0" failures="0" errors="0" timestamp="2021-03-25T23:59:42" hostname="LAPTOP-NGSLLAAC" time="0.021">
  <properties/>
  <testcase name="testHashCodeSelfDifferent" classname="problem1.OneTimeDonationTest" time="0.003"/>
  <testcase name="calculateDonationWrongYear" classname="problem1.OneTimeDonationTest" time="0.0"/>
  <testcase name="testToString" classname="problem1.OneTimeDonationTest" time="0.003"/>
  <testcase name="testEqualsReflexive" classname="problem1.OneTimeDonationTest" time="0.001"/>
  <testcase name="testEqualsNull" classname="problem1.OneTimeDonationTest" time="0.0"/>
  <testcase name="testEqualsSymmetric" classname="problem1.OneTimeDonationTest" time="0.0"/>
  <testcase name="testEqualsTransitive" classname="problem1.OneTimeDonationTest" time="0.0"/>
  <testcase name="testEqualsFieldCoverage" classname="problem1.OneTimeDonationTest" time="0.01"/>
  <testcase name="testHashCodeSelfConsistent" classname="problem1.OneTimeDonationTest" time="0.0"/>
  <testcase name="calculateDonationRightYear" classname="problem1.OneTimeDonationTest" time="0.0"/>
  <testcase name="testEqualsDifferentClasses" classname="problem1.OneTimeDonationTest" time="0.0"/>
  <testcase name="testHashCodeConsistent" classname="problem1.OneTimeDonationTest" time="0.001"/>
  <testcase name="testEqualsConsistent" classname="problem1.OneTimeDonationTest" time="0.0"/>
  <system-out><![CDATA[]]></system-out>
  <system-err><![CDATA[]]></system-err>
</testsuite>
