<?xml version="1.0" encoding="UTF-8"?>
<testsuite name="problem01.controller.IncompleteIteratorTest" tests="14" skipped="0" failures="0" errors="0" timestamp="2021-04-25T07:13:56" hostname="LAPTOP-NGSLLAAC" time="0.004">
  <properties/>
  <testcase name="testEqualsTransitivity" classname="problem01.controller.IncompleteIteratorTest" time="0.0"/>
  <testcase name="testToString" classname="problem01.controller.IncompleteIteratorTest" time="0.001"/>
  <testcase name="testHashCodeConsistency" classname="problem01.controller.IncompleteIteratorTest" time="0.0"/>
  <testcase name="testEqualsNull" classname="problem01.controller.IncompleteIteratorTest" time="0.0"/>
  <testcase name="next" classname="problem01.controller.IncompleteIteratorTest" time="0.001"/>
  <testcase name="testHashCodeDifference" classname="problem01.controller.IncompleteIteratorTest" time="0.0"/>
  <testcase name="testHashCodeSelfConsistency" classname="problem01.controller.IncompleteIteratorTest" time="0.0"/>
  <testcase name="testEqualsSymmetry" classname="problem01.controller.IncompleteIteratorTest" time="0.0"/>
  <testcase name="hasNext" classname="problem01.controller.IncompleteIteratorTest" time="0.0"/>
  <testcase name="testEqualsFieldCoverage" classname="problem01.controller.IncompleteIteratorTest" time="0.0"/>
  <testcase name="testEqualsReflexivity" classname="problem01.controller.IncompleteIteratorTest" time="0.0"/>
  <testcase name="testEqualsConsistency" classname="problem01.controller.IncompleteIteratorTest" time="0.0"/>
  <testcase name="nextOutOfBounds" classname="problem01.controller.IncompleteIteratorTest" time="0.001"/>
  <testcase name="testEqualsDifferentClasses" classname="problem01.controller.IncompleteIteratorTest" time="0.0"/>
  <system-out><![CDATA[]]></system-out>
  <system-err><![CDATA[]]></system-err>
</testsuite>
