<?xml version="1.0" encoding="UTF-8"?>
<testsuite name="problem01.controller.ParserTest" tests="9" skipped="0" failures="0" errors="0" timestamp="2021-04-25T07:13:56" hostname="LAPTOP-NGSLLAAC" time="0.015">
  <properties/>
  <testcase name="parseCommandLine" classname="problem01.controller.ParserTest" time="0.002"/>
  <testcase name="checkAddArgs" classname="problem01.controller.ParserTest" time="0.005"/>
  <testcase name="testToString" classname="problem01.controller.ParserTest" time="0.001"/>
  <testcase name="setTaskManager" classname="problem01.controller.ParserTest" time="0.001"/>
  <testcase name="checkDisplayArgs" classname="problem01.controller.ParserTest" time="0.0"/>
  <testcase name="getPathToFile" classname="problem01.controller.ParserTest" time="0.0"/>
  <testcase name="testHashCode" classname="problem01.controller.ParserTest" time="0.001"/>
  <testcase name="checkCompleteArgs" classname="problem01.controller.ParserTest" time="0.0"/>
  <testcase name="testEquals" classname="problem01.controller.ParserTest" time="0.001"/>
  <system-out><![CDATA[]]></system-out>
  <system-err><![CDATA[]]></system-err>
</testsuite>
