<?xml version="1.0" encoding="UTF-8"?>
<testsuite name="problem01.controller.CompleteTodoTest" tests="7" skipped="0" failures="0" errors="0" timestamp="2021-04-25T07:13:55" hostname="LAPTOP-NGSLLAAC" time="0.018">
  <properties/>
  <testcase name="testToString" classname="problem01.controller.CompleteTodoTest" time="0.001"/>
  <testcase name="performTaskSuccessful" classname="problem01.controller.CompleteTodoTest" time="0.001"/>
  <testcase name="getId" classname="problem01.controller.CompleteTodoTest" time="0.002"/>
  <testcase name="performTaskUnsuccessful" classname="problem01.controller.CompleteTodoTest" time="0.002"/>
  <testcase name="testHashCode" classname="problem01.controller.CompleteTodoTest" time="0.001"/>
  <testcase name="validateArgs" classname="problem01.controller.CompleteTodoTest" time="0.001"/>
  <testcase name="testEquals" classname="problem01.controller.CompleteTodoTest" time="0.0"/>
  <system-out><![CDATA[]]></system-out>
  <system-err><![CDATA[]]></system-err>
</testsuite>
