<?xml version="1.0" encoding="UTF-8"?>
<testsuite name="problem01.controller.TodoTest" tests="10" skipped="0" failures="0" errors="0" timestamp="2021-04-25T07:13:56" hostname="LAPTOP-NGSLLAAC" time="0.01">
  <properties/>
  <testcase name="getCompleted" classname="problem01.controller.TodoTest" time="0.001"/>
  <testcase name="getDueDate" classname="problem01.controller.TodoTest" time="0.001"/>
  <testcase name="testToString" classname="problem01.controller.TodoTest" time="0.0"/>
  <testcase name="getText" classname="problem01.controller.TodoTest" time="0.001"/>
  <testcase name="getID" classname="problem01.controller.TodoTest" time="0.0"/>
  <testcase name="setCompleted" classname="problem01.controller.TodoTest" time="0.003"/>
  <testcase name="testHashCode" classname="problem01.controller.TodoTest" time="0.001"/>
  <testcase name="getPriority" classname="problem01.controller.TodoTest" time="0.0"/>
  <testcase name="testEquals" classname="problem01.controller.TodoTest" time="0.001"/>
  <testcase name="getCategory" classname="problem01.controller.TodoTest" time="0.0"/>
  <system-out><![CDATA[]]></system-out>
  <system-err><![CDATA[]]></system-err>
</testsuite>
