<?xml version="1.0" encoding="UTF-8"?>
<testsuite name="problem01.view.GenerateDisplayTest" tests="12" skipped="0" failures="0" errors="0" timestamp="2021-04-25T07:13:56" hostname="LAPTOP-NGSLLAAC" time="0.021">
  <properties/>
  <testcase name="testEqualsTransitivity" classname="problem01.view.GenerateDisplayTest" time="0.001"/>
  <testcase name="testToString" classname="problem01.view.GenerateDisplayTest" time="0.0"/>
  <testcase name="testHashCodeDifferent" classname="problem01.view.GenerateDisplayTest" time="0.0"/>
  <testcase name="testHashCodeConsistency" classname="problem01.view.GenerateDisplayTest" time="0.0"/>
  <testcase name="testEqualsNull" classname="problem01.view.GenerateDisplayTest" time="0.0"/>
  <testcase name="printTable" classname="problem01.view.GenerateDisplayTest" time="0.001"/>
  <testcase name="testHashCodeSelfConsistency" classname="problem01.view.GenerateDisplayTest" time="0.0"/>
  <testcase name="testEqualsSymmetry" classname="problem01.view.GenerateDisplayTest" time="0.0"/>
  <testcase name="testEqualsFieldCoverage" classname="problem01.view.GenerateDisplayTest" time="0.016"/>
  <testcase name="testEqualsReflexivity" classname="problem01.view.GenerateDisplayTest" time="0.0"/>
  <testcase name="testEqualsConsistency" classname="problem01.view.GenerateDisplayTest" time="0.0"/>
  <testcase name="testEqualsDifferentClasses" classname="problem01.view.GenerateDisplayTest" time="0.0"/>
  <system-out><![CDATA[+----+-----------------------------------+-----------+-----------+----------+----------+
| ID |                              Text | Completed |  Due Date | Priority | Category |
+----+-----------------------------------+-----------+-----------+----------+----------+
|  1 |                         Finish A6 |      true | 4/21/2021 |        2 |   School |
|  2 |                      Make clothes |     false |           |          |    Hobby |
|  3 |                        Finish HW9 |     false | 4/22/2021 |        1 |   school |
|  4 |                      Make tamales |     false | 5/10/2021 |        3 |          |
+----+-----------------------------------+-----------+-----------+----------+----------+
+----+-----------------------------------+-----------+-----------+----------+----------+
| ID |                              Text | Completed |  Due Date | Priority | Category |
+----+-----------------------------------+-----------+-----------+----------+----------+
|  1 |                         Finish A6 |      true | 4/21/2021 |        2 |   School |
|  2 |                      Make clothes |     false |           |          |    Hobby |
|  3 |                        Finish HW9 |     false | 4/22/2021 |        1 |   school |
|  4 |                      Make tamales |     false | 5/10/2021 |        3 |          |
+----+-----------------------------------+-----------+-----------+----------+----------+
]]></system-out>
  <system-err><![CDATA[]]></system-err>
</testsuite>
