<?xml version="1.0" encoding="UTF-8"?>
<testsuite name="problem01.controller.CompareDateTest" tests="7" skipped="0" failures="0" errors="0" timestamp="2021-04-25T07:13:55" hostname="LAPTOP-NGSLLAAC" time="0.003">
  <properties/>
  <testcase name="compareBefore" classname="problem01.controller.CompareDateTest" time="0.0"/>
  <testcase name="compareBothNullDifferentIds" classname="problem01.controller.CompareDateTest" time="0.0"/>
  <testcase name="compareSame" classname="problem01.controller.CompareDateTest" time="0.0"/>
  <testcase name="compareTodoOneNull" classname="problem01.controller.CompareDateTest" time="0.001"/>
  <testcase name="sort" classname="problem01.controller.CompareDateTest" time="0.0"/>
  <testcase name="compareAfter" classname="problem01.controller.CompareDateTest" time="0.0"/>
  <testcase name="compareTodoTwoNull" classname="problem01.controller.CompareDateTest" time="0.0"/>
  <system-out><![CDATA[]]></system-out>
  <system-err><![CDATA[]]></system-err>
</testsuite>
