<?xml version="1.0" encoding="UTF-8"?>
<testsuite name="problem01.controller.MainTest" tests="4" skipped="0" failures="0" errors="0" timestamp="2021-04-25T07:13:56" hostname="LAPTOP-NGSLLAAC" time="0.183">
  <properties/>
  <testcase name="mainIOException" classname="problem01.controller.MainTest" time="0.099"/>
  <testcase name="main" classname="problem01.controller.MainTest" time="0.055"/>
  <testcase name="mainOuterInvalidArgumentException" classname="problem01.controller.MainTest" time="0.012"/>
  <testcase name="mainInnerInvalidArgumentException" classname="problem01.controller.MainTest" time="0.015"/>
  <system-out><![CDATA[+----+-----------------------------------+-----------+-----------+----------+----------+
| ID |                              Text | Completed |  Due Date | Priority | Category |
+----+-----------------------------------+-----------+-----------+----------+----------+
|  1 |                        Finish HW9 |     false | 3/22/2020 |        1 |   school |
|  2 |                     Mail passport |      true | 2/28/2020 |          |          |
|  3 |                  Study for finals |     false |           |        2 |   school |
|  4 |                   Clean the house |     false | 3/22/2020 |        3 |     home |
|  5 | Buy yarn for blanket, stuffed toy |      true |           |          |     home |
+----+-----------------------------------+-----------+-----------+----------+----------+
]]></system-out>
  <system-err><![CDATA[Apr 25, 2021 2:13:56 AM problem01.controller.Main main
INFO: orange (The system cannot find the file specified)
Apr 25, 2021 2:13:56 AM problem01.controller.Main main
INFO: --csv-file must be followed by <path/to/file>
Usage:

--csv-file <path/to/file> The CSV file containing the todos. This option is required.
--add-todo Add a new todo. If this option is provided, then --todo-text must also be provided.
--todo-text <description of todo> A description of the todo.
--completed (Optional) Sets the completed status of a new todo to true.
--due <due date> (Optional) Sets the due date of a new todo.Date must be in the format MM/DD/YYYY
--priority <1, 2, or 3> (Optional) Sets the priority of a new todo. The value can be 1, 2, or 3.
--category <a category name> (Optional) Sets the category of a new todo. The value can
be any String. Categories do not need to be pre-defined.
--complete-todo <id> Mark the Todo with the provided ID as complete.
--display Display todos. If none of the following optional arguments are provided, displays all todos.
--show-incomplete (Optional) If --display is provided, only incomplete todos should be displayed.
--show-category <category> (Optional) If --display is provided, only todos with the given category should be displayed.
--sort-by-date (Optional) If --display is provided, sort the list of todos
by date order (ascending). Cannot be combined with --sort-by-priority.
--sort-by-priority (Optional) If --display is provided, sort the list of todos
by priority (ascending). Cannot be combined with --sort-by-date.

Apr 25, 2021 2:13:56 AM problem01.controller.Main main
INFO: --todo-text <description of todo> is required if --add-todo is provided
Usage:

--csv-file <path/to/file> The CSV file containing the todos. This option is required.
--add-todo Add a new todo. If this option is provided, then --todo-text must also be provided.
--todo-text <description of todo> A description of the todo.
--completed (Optional) Sets the completed status of a new todo to true.
--due <due date> (Optional) Sets the due date of a new todo.Date must be in the format MM/DD/YYYY
--priority <1, 2, or 3> (Optional) Sets the priority of a new todo. The value can be 1, 2, or 3.
--category <a category name> (Optional) Sets the category of a new todo. The value can
be any String. Categories do not need to be pre-defined.
--complete-todo <id> Mark the Todo with the provided ID as complete.
--display Display todos. If none of the following optional arguments are provided, displays all todos.
--show-incomplete (Optional) If --display is provided, only incomplete todos should be displayed.
--show-category <category> (Optional) If --display is provided, only todos with the given category should be displayed.
--sort-by-date (Optional) If --display is provided, sort the list of todos
by date order (ascending). Cannot be combined with --sort-by-priority.
--sort-by-priority (Optional) If --display is provided, sort the list of todos
by priority (ascending). Cannot be combined with --sort-by-date.

]]></system-err>
</testsuite>
