<?xml version="1.0" encoding="UTF-8"?>
<testsuite name="problem01.model.WriteCSVTest" tests="14" skipped="0" failures="0" errors="0" timestamp="2021-04-25T07:13:56" hostname="LAPTOP-NGSLLAAC" time="0.205">
  <properties/>
  <testcase name="testEqualsTransitivity" classname="problem01.model.WriteCSVTest" time="0.016"/>
  <testcase name="testToString" classname="problem01.model.WriteCSVTest" time="0.004"/>
  <testcase name="testHashCodeConsistency" classname="problem01.model.WriteCSVTest" time="0.004"/>
  <testcase name="testEqualsNull" classname="problem01.model.WriteCSVTest" time="0.004"/>
  <testcase name="writeContentsToCSV" classname="problem01.model.WriteCSVTest" time="0.052"/>
  <testcase name="testHashCodeDifference" classname="problem01.model.WriteCSVTest" time="0.004"/>
  <testcase name="testHashCodeSelfConsistency" classname="problem01.model.WriteCSVTest" time="0.004"/>
  <testcase name="testEqualsSymmetry" classname="problem01.model.WriteCSVTest" time="0.011"/>
  <testcase name="testEqualsFieldCoverage" classname="problem01.model.WriteCSVTest" time="0.006"/>
  <testcase name="testEqualsReflexivity" classname="problem01.model.WriteCSVTest" time="0.004"/>
  <testcase name="writeCSVConstructorNullTodoList" classname="problem01.model.WriteCSVTest" time="0.013"/>
  <testcase name="testEqualsConsistency" classname="problem01.model.WriteCSVTest" time="0.006"/>
  <testcase name="writeCSVConstructorNullHeaderTitleOrderList" classname="problem01.model.WriteCSVTest" time="0.013"/>
  <testcase name="testEqualsDifferentClasses" classname="problem01.model.WriteCSVTest" time="0.057"/>
  <system-out><![CDATA[]]></system-out>
  <system-err><![CDATA[]]></system-err>
</testsuite>
