<?xml version="1.0" encoding="UTF-8"?>
<testsuite name="problem01.view.DisplayTableTest" tests="26" skipped="0" failures="0" errors="0" timestamp="2021-04-25T07:13:56" hostname="LAPTOP-NGSLLAAC" time="0.07">
  <properties/>
  <testcase name="validateArgsShowIncompleteOnly" classname="problem01.view.DisplayTableTest" time="0.001"/>
  <testcase name="performTaskFilterCategoryOnly" classname="problem01.view.DisplayTableTest" time="0.008"/>
  <testcase name="validateArgsShowCategoryAndIncomplete" classname="problem01.view.DisplayTableTest" time="0.001"/>
  <testcase name="testToString" classname="problem01.view.DisplayTableTest" time="0.0"/>
  <testcase name="isShowIncomplete" classname="problem01.view.DisplayTableTest" time="0.001"/>
  <testcase name="setSortByDate" classname="problem01.view.DisplayTableTest" time="0.0"/>
  <testcase name="performTaskSortByDate" classname="problem01.view.DisplayTableTest" time="0.004"/>
  <testcase name="setShowIncomplete" classname="problem01.view.DisplayTableTest" time="0.001"/>
  <testcase name="validateArgsShowCategoryAndIncompleteException" classname="problem01.view.DisplayTableTest" time="0.0"/>
  <testcase name="performTaskFilterIncompleteOnly" classname="problem01.view.DisplayTableTest" time="0.003"/>
  <testcase name="testHashCode" classname="problem01.view.DisplayTableTest" time="0.001"/>
  <testcase name="isSortByDate" classname="problem01.view.DisplayTableTest" time="0.0"/>
  <testcase name="isSortByPriority" classname="problem01.view.DisplayTableTest" time="0.0"/>
  <testcase name="validateArgs" classname="problem01.view.DisplayTableTest" time="0.0"/>
  <testcase name="performTaskFilterIncompleteAndCategory" classname="problem01.view.DisplayTableTest" time="0.002"/>
  <testcase name="setSortByPriority" classname="problem01.view.DisplayTableTest" time="0.001"/>
  <testcase name="performTaskNoDisplay" classname="problem01.view.DisplayTableTest" time="0.0"/>
  <testcase name="testEquals" classname="problem01.view.DisplayTableTest" time="0.001"/>
  <testcase name="performTaskSortByPriority" classname="problem01.view.DisplayTableTest" time="0.024"/>
  <testcase name="validateArgsFail" classname="problem01.view.DisplayTableTest" time="0.003"/>
  <testcase name="setShowCategory" classname="problem01.view.DisplayTableTest" time="0.0"/>
  <testcase name="validateArgsShowCategoryOnlyException" classname="problem01.view.DisplayTableTest" time="0.004"/>
  <testcase name="validateArgsShowIncompleteOnlyException" classname="problem01.view.DisplayTableTest" time="0.001"/>
  <testcase name="validateArgsShowCategoryAndCompleted" classname="problem01.view.DisplayTableTest" time="0.0"/>
  <testcase name="getCategory" classname="problem01.view.DisplayTableTest" time="0.0"/>
  <testcase name="validateArgsShowCategoryOnly" classname="problem01.view.DisplayTableTest" time="0.0"/>
  <system-out><![CDATA[+----+-----------------------------------+-----------+-----------+----------+----------+
| ID |                              Text | Completed |  Due Date | Priority | Category |
+----+-----------------------------------+-----------+-----------+----------+----------+
|  1 |                         Finish A6 |      true | 4/21/2021 |        2 |   School |
|  3 |                        Finish HW9 |     false | 4/22/2021 |        1 |   school |
+----+-----------------------------------+-----------+-----------+----------+----------+
+----+-----------------------------------+-----------+-----------+----------+----------+
| ID |                              Text | Completed |  Due Date | Priority | Category |
+----+-----------------------------------+-----------+-----------+----------+----------+
|  1 |                         Finish A6 |      true | 4/21/2021 |        2 |   School |
|  3 |                        Finish HW9 |     false | 4/22/2021 |        1 |   school |
|  4 |                      Make tamales |     false | 5/10/2021 |          |  Cooking |
|  2 |                      Make clothes |     false |           |        3 |          |
+----+-----------------------------------+-----------+-----------+----------+----------+
+----+-----------------------------------+-----------+-----------+----------+----------+
| ID |                              Text | Completed |  Due Date | Priority | Category |
+----+-----------------------------------+-----------+-----------+----------+----------+
|  2 |                      Make clothes |     false |           |        3 |          |
|  3 |                        Finish HW9 |     false | 4/22/2021 |        1 |   school |
|  4 |                      Make tamales |     false | 5/10/2021 |          |  Cooking |
+----+-----------------------------------+-----------+-----------+----------+----------+
+----+-----------------------------------+-----------+-----------+----------+----------+
| ID |                              Text | Completed |  Due Date | Priority | Category |
+----+-----------------------------------+-----------+-----------+----------+----------+
|  3 |                        Finish HW9 |     false | 4/22/2021 |        1 |   school |
+----+-----------------------------------+-----------+-----------+----------+----------+
+----+-----------------------------------+-----------+-----------+----------+----------+
| ID |                              Text | Completed |  Due Date | Priority | Category |
+----+-----------------------------------+-----------+-----------+----------+----------+
|  3 |                        Finish HW9 |     false | 4/22/2021 |        1 |   school |
|  1 |                         Finish A6 |      true | 4/21/2021 |        2 |   School |
|  2 |                      Make clothes |     false |           |        3 |          |
|  4 |                      Make tamales |     false | 5/10/2021 |          |  Cooking |
+----+-----------------------------------+-----------+-----------+----------+----------+
]]></system-out>
  <system-err><![CDATA[]]></system-err>
</testsuite>
