<?xml version="1.0" encoding="UTF-8"?>
<testsuite name="problem01.model.ReadCSVTest" tests="19" skipped="0" failures="0" errors="0" timestamp="2021-04-25T07:13:56" hostname="LAPTOP-NGSLLAAC" time="0.077">
  <properties/>
  <testcase name="splitCSV" classname="problem01.model.ReadCSVTest" time="0.003"/>
  <testcase name="testHashCodeSelfDifferent" classname="problem01.model.ReadCSVTest" time="0.003"/>
  <testcase name="testEqualsTransitivity" classname="problem01.model.ReadCSVTest" time="0.002"/>
  <testcase name="splitCSVEmpty" classname="problem01.model.ReadCSVTest" time="0.003"/>
  <testcase name="getCSVEmptyMap" classname="problem01.model.ReadCSVTest" time="0.002"/>
  <testcase name="testToString" classname="problem01.model.ReadCSVTest" time="0.003"/>
  <testcase name="getEmptyHeaderTitleOrder" classname="problem01.model.ReadCSVTest" time="0.002"/>
  <testcase name="testHashCodeConsistency" classname="problem01.model.ReadCSVTest" time="0.003"/>
  <testcase name="testEqualsNull" classname="problem01.model.ReadCSVTest" time="0.004"/>
  <testcase name="splitCSVNull" classname="problem01.model.ReadCSVTest" time="0.002"/>
  <testcase name="testHashCodeSelfConsistency" classname="problem01.model.ReadCSVTest" time="0.002"/>
  <testcase name="testEqualsSymmetry" classname="problem01.model.ReadCSVTest" time="0.001"/>
  <testcase name="testEqualsFieldCoverage" classname="problem01.model.ReadCSVTest" time="0.003"/>
  <testcase name="testEqualsReflexivity" classname="problem01.model.ReadCSVTest" time="0.001"/>
  <testcase name="getDifferentHeaderTitleOrder" classname="problem01.model.ReadCSVTest" time="0.003"/>
  <testcase name="splitCSVIOException" classname="problem01.model.ReadCSVTest" time="0.005"/>
  <testcase name="testEqualsConsistency" classname="problem01.model.ReadCSVTest" time="0.003"/>
  <testcase name="getHeaderOnlyCSV" classname="problem01.model.ReadCSVTest" time="0.011"/>
  <testcase name="testEqualsDifferentClasses" classname="problem01.model.ReadCSVTest" time="0.004"/>
  <system-out><![CDATA[]]></system-out>
  <system-err><![CDATA[]]></system-err>
</testsuite>
